<?xml version="1.0" encoding="UTF-8"?>
<!-- Generated by org.testng.reporters.JUnitReportReporter -->
<testsuite hostname="QT-INBG-LT1054" failures="0" tests="1" name="mobile_world.sign_in" time="9.492" errors="0" timestamp="2022-09-16T18:14:27 IST" skipped="0">
  <testcase classname="mobile_world.sign_in" name="register" time="9.492"/>
  <system-out/>
</testsuite> <!-- mobile_world.sign_in -->
