<?xml version="1.0" encoding="UTF-8"?>
<!-- Generated by org.testng.reporters.JUnitReportReporter -->
<testsuite hostname="QT-INBG-LT1054" failures="0" tests="1" name="mobile_world.home_page" time="4.109" errors="0" timestamp="2022-09-16T10:51:58 IST" skipped="0">
  <testcase classname="mobile_world.home_page" name="register" time="4.109"/>
  <system-out/>
</testsuite> <!-- mobile_world.home_page -->
