<?xml version="1.0" encoding="UTF-8"?>
<!-- Generated by org.testng.reporters.JUnitReportReporter -->
<testsuite hostname="QT-INBG-LT1054" failures="0" tests="8" name="mobile_world.Home_Pag" time="63.116" errors="0" timestamp="2022-09-19T17:37:08 IST" skipped="0">
  <testcase classname="mobile_world.Home_Pag" name="homepage01" time="8.869"/>
  <system-out/>
  <testcase classname="mobile_world.Home_Pag" name="homepage03" time="8.056"/>
  <system-out/>
  <testcase classname="mobile_world.Home_Pag" name="homepage04" time="6.548"/>
  <system-out/>
  <testcase classname="mobile_world.Home_Pag" name="homepage07" time="5.397"/>
  <system-out/>
  <testcase classname="mobile_world.Home_Pag" name="homepage06" time="4.597"/>
  <system-out/>
  <testcase classname="mobile_world.Home_Pag" name="homepage08" time="18.094"/>
  <system-out/>
  <testcase classname="mobile_world.Home_Pag" name="homepage05" time="5.522"/>
  <system-out/>
  <testcase classname="mobile_world.Home_Pag" name="homepage02" time="6.033"/>
  <system-out/>
</testsuite> <!-- mobile_world.Home_Pag -->
