<?xml version="1.0" encoding="UTF-8"?>
<!-- Generated by org.testng.reporters.JUnitReportReporter -->
<testsuite hostname="QT-INBG-LT1054" failures="0" tests="1" name="mobile_world.sign_up" time="8.200" errors="0" timestamp="2022-09-16T18:15:00 IST" skipped="0">
  <testcase classname="mobile_world.sign_up" name="register" time="8.200"/>
  <system-out/>
</testsuite> <!-- mobile_world.sign_up -->
